Determining if the pthread_create exist failed with the following output:
Change Dir: /home/wkx123/workspace/摸鱼的大四学期/计算机图形学作业一——图形的裁剪/raytracing2/build/CMakeFiles/CMakeTmp

Run Build Command:"/usr/bin/make" "cmTC_c71f3/fast"
/usr/bin/make -f CMakeFiles/cmTC_c71f3.dir/build.make CMakeFiles/cmTC_c71f3.dir/build
make[1]: 进入目录“/home/wkx123/workspace/摸鱼的大四学期/计算机图形学作业一——图形的裁剪/raytracing2/build/CMakeFiles/CMakeTmp”
Building C object CMakeFiles/cmTC_c71f3.dir/CheckSymbolExists.c.o
/usr/bin/cc   -fPIC    -o CMakeFiles/cmTC_c71f3.dir/CheckSymbolExists.c.o   -c /home/wkx123/workspace/摸鱼的大四学期/计算机图形学作业一——图形的裁剪/raytracing2/build/CMakeFiles/CMakeTmp/CheckSymbolExists.c
Linking C executable cmTC_c71f3
/usr/bin/cmake -E cmake_link_script CMakeFiles/cmTC_c71f3.dir/link.txt --verbose=1
/usr/bin/cc -fPIC     CMakeFiles/cmTC_c71f3.dir/CheckSymbolExists.c.o  -o cmTC_c71f3 
CMakeFiles/cmTC_c71f3.dir/CheckSymbolExists.c.o：在函数‘main’中：
CheckSymbolExists.c:(.text+0x1b)：对‘pthread_create’未定义的引用
collect2: error: ld returned 1 exit status
CMakeFiles/cmTC_c71f3.dir/build.make:97: recipe for target 'cmTC_c71f3' failed
make[1]: *** [cmTC_c71f3] Error 1
make[1]: 离开目录“/home/wkx123/workspace/摸鱼的大四学期/计算机图形学作业一——图形的裁剪/raytracing2/build/CMakeFiles/CMakeTmp”
Makefile:126: recipe for target 'cmTC_c71f3/fast' failed
make: *** [cmTC_c71f3/fast] Error 2

File /home/wkx123/workspace/摸鱼的大四学期/计算机图形学作业一——图形的裁剪/raytracing2/build/CMakeFiles/CMakeTmp/CheckSymbolExists.c:
/* */
#include <pthread.h>

int main(int argc, char** argv)
{
  (void)argv;
#ifndef pthread_create
  return ((int*)(&pthread_create))[argc];
#else
  (void)argc;
  return 0;
#endif
}

Determining if the function pthread_create exists in the pthreads failed with the following output:
Change Dir: /home/wkx123/workspace/摸鱼的大四学期/计算机图形学作业一——图形的裁剪/raytracing2/build/CMakeFiles/CMakeTmp

Run Build Command:"/usr/bin/make" "cmTC_d4223/fast"
/usr/bin/make -f CMakeFiles/cmTC_d4223.dir/build.make CMakeFiles/cmTC_d4223.dir/build
make[1]: 进入目录“/home/wkx123/workspace/摸鱼的大四学期/计算机图形学作业一——图形的裁剪/raytracing2/build/CMakeFiles/CMakeTmp”
Building C object CMakeFiles/cmTC_d4223.dir/CheckFunctionExists.c.o
/usr/bin/cc   -fPIC -DCHECK_FUNCTION_EXISTS=pthread_create   -o CMakeFiles/cmTC_d4223.dir/CheckFunctionExists.c.o   -c /usr/share/cmake-3.10/Modules/CheckFunctionExists.c
Linking C executable cmTC_d4223
/usr/bin/cmake -E cmake_link_script CMakeFiles/cmTC_d4223.dir/link.txt --verbose=1
/usr/bin/cc -fPIC -DCHECK_FUNCTION_EXISTS=pthread_create    CMakeFiles/cmTC_d4223.dir/CheckFunctionExists.c.o  -o cmTC_d4223 -lpthreads 
/usr/bin/ld: 找不到 -lpthreads
collect2: error: ld returned 1 exit status
CMakeFiles/cmTC_d4223.dir/build.make:97: recipe for target 'cmTC_d4223' failed
make[1]: *** [cmTC_d4223] Error 1
make[1]: 离开目录“/home/wkx123/workspace/摸鱼的大四学期/计算机图形学作业一——图形的裁剪/raytracing2/build/CMakeFiles/CMakeTmp”
Makefile:126: recipe for target 'cmTC_d4223/fast' failed
make: *** [cmTC_d4223/fast] Error 2


